#
# A fatal error has been detected by the Java Runtime Environment:
#
#  EXCEPTION_ACCESS_VIOLATION (0xc0000005) at pc=0x5ef8e351, pid=4832, tid=4896
#
# JRE version: 7.0
# Java VM: Java HotSpot(TM) Client VM (19.0-b06 mixed mode, sharing windows-x86 )
# Problematic frame:
# V  [jvm.dll+0x10e351]
#
# If you would like to submit a bug report, please visit:
#   http://java.sun.com/webapps/bugreport/crash.jsp
#

---------------  T H R E A D  ---------------

Current thread (0x03b4d800):  JavaThread "AWT-Windows" daemon [_thread_in_vm, id=4896, stack(0x03e60000,0x03eb0000)]

siginfo: ExceptionCode=0xc0000005, reading address 0x00000000

Registers:
EAX=0x03eaf598, EBX=0x00000000, ECX=0x013d91b8, EDX=0x00000000
ESP=0x03eaf538, EBP=0x03eaf5dc, ESI=0x013fa708, EDI=0x03b4d800
EIP=0x5ef8e351, EFLAGS=0x00010202

Register to memory mapping:

EAX=0x03eaf598
0x03eaf598 is pointing into the stack for thread: 0x03b4d800
"AWT-Windows" daemon prio=6 tid=0x03b4d800 nid=0x1320 runnable [0x03eaf000]
   java.lang.Thread.State: RUNNABLE

EBX=0x00000000
0x00000000 is pointing to unknown location

ECX=0x013d91b8
0x013d91b8 is pointing to unknown location

EDX=0x00000000
0x00000000 is pointing to unknown location

ESP=0x03eaf538
0x03eaf538 is pointing into the stack for thread: 0x03b4d800
"AWT-Windows" daemon prio=6 tid=0x03b4d800 nid=0x1320 runnable [0x03eaf000]
   java.lang.Thread.State: RUNNABLE

EBP=0x03eaf5dc
0x03eaf5dc is pointing into the stack for thread: 0x03b4d800
"AWT-Windows" daemon prio=6 tid=0x03b4d800 nid=0x1320 runnable [0x03eaf000]
   java.lang.Thread.State: RUNNABLE

ESI=0x013fa708
0x013fa708 is pointing to unknown location

EDI=0x03b4d800
"AWT-Windows" daemon prio=6 tid=0x03b4d800 nid=0x1320 runnable [0x03eaf000]
   java.lang.Thread.State: RUNNABLE


Top of Stack: (sp=0x03eaf538)
0x03eaf538:   013e4498 03b4d800 03b4d918 00500150
0x03eaf548:   02000002 00500000 31000031 0000002f
0x03eaf558:   02000002 04730150 00000003 00000018
0x03eaf568:   0000002f 00000003 03b4d918 03eaf620
0x03eaf578:   0000002f 013d8d90 013d8d98 013d9184
0x03eaf588:   03eaf604 013d91b8 00000000 00000000
0x03eaf598:   013d91b8 0052ee58 00500178 03eaf5d8
0x03eaf5a8:   5ee81063 03b4d800 968f22e4 049b5388 

Instructions: (pc=0x5ef8e351)
0x5ef8e341:   01 8b 55 f0 8b 45 e8 8b 4d b0 89 0c 90 ff 45 f0
0x5ef8e351:   8b 03 8b 50 08 0f b7 4a 2a 8b 50 0c 8b 44 8a 24 


Stack: [0x03e60000,0x03eb0000],  sp=0x03eaf538,  free space=317k
Native frames: (J=compiled Java code, j=interpreted, Vv=VM code, C=native code)
V  [jvm.dll+0x10e351]
V  [jvm.dll+0x112066]
C  [awt.dll+0x64e7b]
C  [USER32.dll+0x186ef]
C  [USER32.dll+0x18876]
C  [USER32.dll+0x170f4]
C  [USER32.dll+0x1738f]
C  [ntdll.dll+0x4642e]

Java frames: (J=compiled Java code, j=interpreted, Vv=VM code)
j  sun.awt.windows.WToolkit.eventLoop()V+0
j  sun.awt.windows.WToolkit.run()V+44
j  java.lang.Thread.run()V+11
v  ~StubRoutines::call_stub

---------------  P R O C E S S  ---------------

Java Threads: ( => current thread )
  0x03afc000 JavaThread "Thread-0" daemon [_thread_in_native, id=5364, stack(0x05270000,0x052c0000)]
  0x049fa400 JavaThread "TimerQueue" daemon [_thread_blocked, id=5220, stack(0x05370000,0x053c0000)]
  0x002f9800 JavaThread "DestroyJavaVM" [_thread_blocked, id=4092, stack(0x00290000,0x002e0000)]
  0x04996c00 JavaThread "MySQL Statement Cancellation Timer" daemon [_thread_blocked, id=1360, stack(0x04e60000,0x04eb0000)]
  0x03b7c800 JavaThread "AWT-EventQueue-0" [_thread_blocked, id=5424, stack(0x04910000,0x04960000)]
=>0x03b4d800 JavaThread "AWT-Windows" daemon [_thread_in_vm, id=4896, stack(0x03e60000,0x03eb0000)]
  0x03b4d000 JavaThread "AWT-Shutdown" [_thread_blocked, id=5204, stack(0x03cd0000,0x03d20000)]
  0x03af1c00 JavaThread "Java2D Disposer" daemon [_thread_in_native, id=5928, stack(0x03800000,0x03850000)]
  0x013fb400 JavaThread "Low Memory Detector" daemon [_thread_blocked, id=2408, stack(0x03a80000,0x03ad0000)]
  0x013e7c00 JavaThread "CompilerThread0" daemon [_thread_blocked, id=4912, stack(0x03620000,0x03670000)]
  0x013e7000 JavaThread "Attach Listener" daemon [_thread_blocked, id=164, stack(0x03860000,0x038b0000)]
  0x013e6800 JavaThread "Signal Dispatcher" daemon [_thread_blocked, id=5564, stack(0x038e0000,0x03930000)]
  0x013d4000 JavaThread "Finalizer" daemon [_thread_blocked, id=2540, stack(0x036a0000,0x036f0000)]
  0x013d2000 JavaThread "Reference Handler" daemon [_thread_blocked, id=5372, stack(0x037b0000,0x03800000)]

Other Threads:
  0x013d0c00 VMThread [stack: 0x03740000,0x03790000] [id=3608]
  0x01404400 WatcherThread [stack: 0x03940000,0x03990000] [id=5316]

VM state:synchronizing (normal execution)

VM Mutex/Monitor currently owned by a thread:  ([mutex/lock_event])
[0x002f78f0] Threads_lock - owner thread: 0x013d0c00

Heap
 def new generation   total 8896K, used 212K [0x236e0000, 0x24080000, 0x28c30000)
  eden space 7936K,   2% used [0x236e0000, 0x23715068, 0x23ea0000)
  from space 960K,   0% used [0x23ea0000, 0x23ea0000, 0x23f90000)
  to   space 960K,   0% used [0x23f90000, 0x23f90000, 0x24080000)
 tenured generation   total 19616K, used 10264K [0x28c30000, 0x29f58000, 0x336e0000)
   the space 19616K,  52% used [0x28c30000, 0x296362e0, 0x29636400, 0x29f58000)
 compacting perm gen  total 12288K, used 7526K [0x336e0000, 0x342e0000, 0x376e0000)
   the space 12288K,  61% used [0x336e0000, 0x33e39898, 0x33e39a00, 0x342e0000)
    ro space 10240K,  58% used [0x376e0000, 0x37cacff8, 0x37cad000, 0x380e0000)
    rw space 12288K,  53% used [0x380e0000, 0x38747970, 0x38747a00, 0x38ce0000)

Dynamic libraries:
0x00320000 - 0x0034d000 	C:\Program Files\Java\jdk1.7.0\jre\bin\java.exe
0x77100000 - 0x7723c000 	C:\Windows\SYSTEM32\ntdll.dll
0x76fc0000 - 0x77094000 	C:\Windows\system32\kernel32.dll
0x75400000 - 0x7544a000 	C:\Windows\system32\KERNELBASE.dll
0x767c0000 - 0x76860000 	C:\Windows\system32\ADVAPI32.dll
0x757d0000 - 0x7587c000 	C:\Windows\system32\msvcrt.dll
0x76f70000 - 0x76f89000 	C:\Windows\SYSTEM32\sechost.dll
0x76930000 - 0x769d1000 	C:\Windows\system32\RPCRT4.dll
0x76860000 - 0x76929000 	C:\Windows\system32\USER32.dll
0x76c40000 - 0x76c8e000 	C:\Windows\system32\GDI32.dll
0x757c0000 - 0x757ca000 	C:\Windows\system32\LPK.dll
0x76ed0000 - 0x76f6d000 	C:\Windows\system32\USP10.dll
0x75350000 - 0x753d4000 	C:\Windows\WinSxS\x86_microsoft.windows.common-controls_6595b64144ccf1df_5.82.7600.16385_none_ebf82fc36c758ad5\COMCTL32.dll
0x76eb0000 - 0x76ecf000 	C:\Windows\system32\IMM32.DLL
0x76c90000 - 0x76d5c000 	C:\Windows\system32\MSCTF.dll
0x618c0000 - 0x6197e000 	C:\Program Files\Java\jdk1.7.0\jre\bin\msvcr100.dll
0x5ee80000 - 0x5f17e000 	C:\Program Files\Java\jdk1.7.0\jre\bin\client\jvm.dll
0x73bf0000 - 0x73c22000 	C:\Windows\system32\WINMM.dll
0x73f80000 - 0x73f8c000 	C:\Program Files\Java\jdk1.7.0\jre\bin\verify.dll
0x73820000 - 0x73840000 	C:\Program Files\Java\jdk1.7.0\jre\bin\java.dll
0x740d0000 - 0x740d8000 	C:\Program Files\Java\jdk1.7.0\jre\bin\hpi.dll
0x76c30000 - 0x76c35000 	C:\Windows\system32\PSAPI.DLL
0x71120000 - 0x71133000 	C:\Program Files\Java\jdk1.7.0\jre\bin\zip.dll
0x601f0000 - 0x6032a000 	C:\Program Files\Java\jdk1.7.0\jre\bin\awt.dll
0x76ba0000 - 0x76c2f000 	C:\Windows\system32\OLEAUT32.dll
0x75880000 - 0x759dc000 	C:\Windows\system32\ole32.dll
0x73c90000 - 0x73ca3000 	C:\Windows\system32\DWMAPI.DLL
0x74100000 - 0x74140000 	C:\Windows\system32\uxtheme.dll
0x19600000 - 0x1960f000 	C:\Program Files\TeamViewer\Version6\tv_w32.dll
0x6c240000 - 0x6c267000 	C:\Windows\system32\CRTDLL.dll
0x75220000 - 0x7522c000 	C:\Windows\system32\CRYPTBASE.dll
0x75a40000 - 0x76689000 	C:\Windows\system32\SHELL32.dll
0x770a0000 - 0x770f7000 	C:\Windows\system32\SHLWAPI.dll
0x710e0000 - 0x71109000 	C:\Program Files\Java\jdk1.7.0\jre\bin\fontmanager.dll
0x737e0000 - 0x737f6000 	C:\Program Files\Java\jdk1.7.0\jre\bin\net.dll
0x76d60000 - 0x76d95000 	C:\Windows\system32\WS2_32.dll
0x77240000 - 0x77246000 	C:\Windows\system32\NSI.dll
0x74cf0000 - 0x74d2c000 	C:\Windows\system32\mswsock.dll
0x74ce0000 - 0x74ce6000 	C:\Windows\System32\wship6.dll
0x73f70000 - 0x73f7f000 	C:\Program Files\Java\jdk1.7.0\jre\bin\nio.dll
0x10000000 - 0x10038000 	C:\Program Files\WIDCOMM\Bluetooth Software\btmmhook.dll
0x74830000 - 0x74835000 	C:\Windows\System32\wshtcpip.dll
0x74bb0000 - 0x74bf4000 	C:\Windows\system32\DNSAPI.dll
0x70f40000 - 0x70f65000 	C:\Program Files\Bonjour\mdnsNSP.dll
0x73100000 - 0x7311c000 	C:\Windows\system32\Iphlpapi.DLL
0x730f0000 - 0x730f7000 	C:\Windows\system32\WINNSI.DLL
0x6ffe0000 - 0x6ffe6000 	C:\Windows\system32\rasadhlp.dll
0x72f30000 - 0x72f68000 	C:\Windows\System32\fwpuclnt.dll
0x772a0000 - 0x77323000 	C:\Windows\system32\CLBCatQ.DLL
0x74230000 - 0x743ce000 	C:\Windows\WinSxS\x86_microsoft.windows.common-controls_6595b64144ccf1df_6.0.7600.16385_none_421189da2b7fabfc\comctl32.dll
0x73a90000 - 0x73b8b000 	C:\Windows\system32\WindowsCodecs.dll
0x751d0000 - 0x7521b000 	C:\Windows\system32\apphelp.dll
0x6ea20000 - 0x6ea51000 	C:\Windows\system32\EhStorShell.dll
0x755a0000 - 0x7573d000 	C:\Windows\system32\SETUPAPI.dll
0x75320000 - 0x75347000 	C:\Windows\system32\CFGMGR32.dll
0x753e0000 - 0x753f2000 	C:\Windows\system32\DEVOBJ.dll
0x73f90000 - 0x74085000 	C:\Windows\system32\PROPSYS.dll
0x6e930000 - 0x6e99f000 	C:\Windows\system32\ntshrui.dll
0x74ff0000 - 0x75009000 	C:\Windows\system32\srvcli.dll
0x71210000 - 0x7121b000 	C:\Windows\system32\cscapi.dll
0x73900000 - 0x7390a000 	C:\Windows\system32\slc.dll
0x629c0000 - 0x629f1000 	C:\Program Files\Java\jdk1.7.0\jre\bin\t2k.dll
0x04890000 - 0x048b1000 	C:\Program Files\WIDCOMM\Bluetooth Software\btkeyind.dll

VM Arguments:
jvm_args: -Dfile.encoding=UTF-8 
java_command: ventanas.logo
Launcher Type: SUN_STANDARD

Environment Variables:
PATH=C:\Windows\system32;C:\Windows;C:\Windows\System32\Wbem;C:\Windows\System32\WindowsPowerShell\v1.0\;C:\Program Files\WIDCOMM\Bluetooth Software\;C:\Program Files\Common Files\Ulead Systems\MPEG;C:\Program Files\Common Files\Autodesk Shared\
USERNAME=Usuario
OS=Windows_NT
PROCESSOR_IDENTIFIER=x86 Family 6 Model 37 Stepping 2, GenuineIntel



---------------  S Y S T E M  ---------------

OS: Windows 7 Build 7600 

CPU:total 4 (2 cores per cpu, 2 threads per core) family 6 model 37 stepping 2, cmov, cx8, fxsr, mmx, sse, sse2, sse3, ssse3, sse4.1, sse4.2, popcnt, ht

Memory: 4k page, physical 3004272k(1410332k free), swap 6006780k(4069780k free)

vm_info: Java HotSpot(TM) Client VM (19.0-b06) for windows-x86 JRE (1.7.0-ea-b111), built on Sep 23 2010 03:17:48 by "java_re" with unknown MS VC++:1600

time: Thu Jun 02 13:26:25 2011
elapsed time: 5185 seconds

